0 info it worked if it ends with ok
1 verbose cli [ '/Users/seanspearman/.nvm/versions/node/v5.9.1/bin/node',
1 verbose cli   '/Users/seanspearman/.nvm/versions/node/v5.9.1/bin/npm',
1 verbose cli   'run',
1 verbose cli   'test' ]
2 info using npm@3.8.3
3 info using node@v5.9.1
4 verbose run-script [ 'pretest', 'test', 'posttest' ]
5 info lifecycle complete-intro-to-react@1.0.0~pretest: complete-intro-to-react@1.0.0
6 silly lifecycle complete-intro-to-react@1.0.0~pretest: no script for pretest, continuing
7 info lifecycle complete-intro-to-react@1.0.0~test: complete-intro-to-react@1.0.0
8 verbose lifecycle complete-intro-to-react@1.0.0~test: unsafe-perm in lifecycle true
9 verbose lifecycle complete-intro-to-react@1.0.0~test: PATH: /Users/seanspearman/.nvm/versions/node/v5.9.1/lib/node_modules/npm/bin/node-gyp-bin:/Users/seanspearman/Code/react-workshop/node_modules/.bin:/Users/seanspearman/.nvm/versions/node/v5.9.1/bin:/Users/seanspearman/.nvm/versions/node/v5.9.1/bin:/usr/local/bin:/usr/bin:/bin:/usr/sbin:/sbin
10 verbose lifecycle complete-intro-to-react@1.0.0~test: CWD: /Users/seanspearman/Code/react-workshop
11 silly lifecycle complete-intro-to-react@1.0.0~test: Args: [ '-c', 'mocha --require test/helpers/setup.js -R nyan' ]
12 silly lifecycle complete-intro-to-react@1.0.0~test: Returned: code: 3  signal: null
13 info lifecycle complete-intro-to-react@1.0.0~test: Failed to exec test script
14 verbose stack Error: complete-intro-to-react@1.0.0 test: `mocha --require test/helpers/setup.js -R nyan`
14 verbose stack Exit status 3
14 verbose stack     at EventEmitter.<anonymous> (/Users/seanspearman/.nvm/versions/node/v5.9.1/lib/node_modules/npm/lib/utils/lifecycle.js:239:16)
14 verbose stack     at emitTwo (events.js:100:13)
14 verbose stack     at EventEmitter.emit (events.js:185:7)
14 verbose stack     at ChildProcess.<anonymous> (/Users/seanspearman/.nvm/versions/node/v5.9.1/lib/node_modules/npm/lib/utils/spawn.js:24:14)
14 verbose stack     at emitTwo (events.js:100:13)
14 verbose stack     at ChildProcess.emit (events.js:185:7)
14 verbose stack     at maybeClose (internal/child_process.js:850:16)
14 verbose stack     at Process.ChildProcess._handle.onexit (internal/child_process.js:215:5)
15 verbose pkgid complete-intro-to-react@1.0.0
16 verbose cwd /Users/seanspearman/Code/react-workshop
17 error Darwin 14.4.0
18 error argv "/Users/seanspearman/.nvm/versions/node/v5.9.1/bin/node" "/Users/seanspearman/.nvm/versions/node/v5.9.1/bin/npm" "run" "test"
19 error node v5.9.1
20 error npm  v3.8.3
21 error code ELIFECYCLE
22 error complete-intro-to-react@1.0.0 test: `mocha --require test/helpers/setup.js -R nyan`
22 error Exit status 3
23 error Failed at the complete-intro-to-react@1.0.0 test script 'mocha --require test/helpers/setup.js -R nyan'.
23 error Make sure you have the latest version of node.js and npm installed.
23 error If you do, this is most likely a problem with the complete-intro-to-react package,
23 error not with npm itself.
23 error Tell the author that this fails on your system:
23 error     mocha --require test/helpers/setup.js -R nyan
23 error You can get information on how to open an issue for this project with:
23 error     npm bugs complete-intro-to-react
23 error Or if that isn't available, you can get their info via:
23 error     npm owner ls complete-intro-to-react
23 error There is likely additional logging output above.
24 verbose exit [ 1, true ]
